<?xml version="1.0" encoding="UTF-8"?>
<testsuite name="com.mytestlab.LaboratoryTest" tests="5" skipped="0" failures="0" errors="0" timestamp="2020-04-07T16:57:50" hostname="ubuntu" time="0.006">
  <properties/>
  <testcase name="addTest[0]" classname="com.mytestlab.LaboratoryTest" time="0.001"/>
  <testcase name="addTest[1]" classname="com.mytestlab.LaboratoryTest" time="0.0"/>
  <testcase name="addTest[2]" classname="com.mytestlab.LaboratoryTest" time="0.0"/>
  <testcase name="addTest[3]" classname="com.mytestlab.LaboratoryTest" time="0.0"/>
  <testcase name="addTest[4]" classname="com.mytestlab.LaboratoryTest" time="0.0"/>
  <system-out><![CDATA[]]></system-out>
  <system-err><![CDATA[]]></system-err>
</testsuite>
